<?xml version="1.0" encoding="UTF-8"?>
<!-- Generated by org.testng.reporters.JUnitReportReporter -->
<testsuite hostname="DESKTOP-21U43BD" failures="0" tests="2" name="Amazon.ProjectTest.Testing123" time="0.029" errors="0" timestamp="2020-10-11T01:33:08 IST" skipped="0">
  <testcase classname="Amazon.ProjectTest.Testing123" name="seleniumTest" time="0.008"/>
  <system-out/>
  <testcase classname="Amazon.ProjectTest.Testing123" name="seleniumTest" time="0.021"/>
  <system-out/>
</testsuite> <!-- Amazon.ProjectTest.Testing123 -->
